[0.011s] Invoking command in '/home/kshitizsareen/arduinobot_ws/build/arduinobot_description': CMAKE_PREFIX_PATH=${CMAKE_PREFIX_PATH}:/opt/ros/jazzy DEBUGINFOD_URLS=https://debuginfod.ubuntu.com /usr/bin/cmake --build /home/kshitizsareen/arduinobot_ws/build/arduinobot_description -- -j1 -l1
[0.070s] -- Found ament_cmake: 2.5.2 (/opt/ros/jazzy/share/ament_cmake/cmake)
[0.301s] -- Found ament_lint_auto: 0.17.1 (/opt/ros/jazzy/share/ament_lint_auto/cmake)
[0.408s] -- Added test 'flake8' to check Python code syntax and style conventions
[0.408s] -- Configured 'flake8' exclude dirs and/or files: 
[0.410s] -- Added test 'lint_cmake' to check CMake code style
[0.412s] -- Added test 'pep257' to check Python code against some of the docstring style conventions in PEP 257
[0.413s] -- Added test 'xmllint' to check XML markup files
[0.417s] -- Configuring done (0.4s)
[0.436s] -- Generating done (0.0s)
[0.439s] -- Build files have been written to: /home/kshitizsareen/arduinobot_ws/build/arduinobot_description
[0.490s] Invoked command in '/home/kshitizsareen/arduinobot_ws/build/arduinobot_description' returned '0': CMAKE_PREFIX_PATH=${CMAKE_PREFIX_PATH}:/opt/ros/jazzy DEBUGINFOD_URLS=https://debuginfod.ubuntu.com /usr/bin/cmake --build /home/kshitizsareen/arduinobot_ws/build/arduinobot_description -- -j1 -l1
[0.509s] Invoking command in '/home/kshitizsareen/arduinobot_ws/build/arduinobot_description': CMAKE_PREFIX_PATH=${CMAKE_PREFIX_PATH}:/opt/ros/jazzy DEBUGINFOD_URLS=https://debuginfod.ubuntu.com /usr/bin/cmake --install /home/kshitizsareen/arduinobot_ws/build/arduinobot_description
[0.524s] -- Install configuration: ""
[0.525s] -- Up-to-date: /home/kshitizsareen/arduinobot_ws/install/arduinobot_description/share/arduinobot_description/meshes
[0.525s] -- Up-to-date: /home/kshitizsareen/arduinobot_ws/install/arduinobot_description/share/arduinobot_description/meshes/vertical_drive_arm.STL
[0.525s] -- Up-to-date: /home/kshitizsareen/arduinobot_ws/install/arduinobot_description/share/arduinobot_description/meshes/servo_plate.STL
[0.525s] -- Up-to-date: /home/kshitizsareen/arduinobot_ws/install/arduinobot_description/share/arduinobot_description/meshes/left_finger.STL
[0.525s] -- Up-to-date: /home/kshitizsareen/arduinobot_ws/install/arduinobot_description/share/arduinobot_description/meshes/triangular_link.STL
[0.525s] -- Up-to-date: /home/kshitizsareen/arduinobot_ws/install/arduinobot_description/share/arduinobot_description/meshes/round_plate.STL
[0.527s] -- Up-to-date: /home/kshitizsareen/arduinobot_ws/install/arduinobot_description/share/arduinobot_description/meshes/right_finger.STL
[0.527s] -- Up-to-date: /home/kshitizsareen/arduinobot_ws/install/arduinobot_description/share/arduinobot_description/meshes/basement.STL
[0.527s] -- Up-to-date: /home/kshitizsareen/arduinobot_ws/install/arduinobot_description/share/arduinobot_description/meshes/claw_support.STL
[0.527s] -- Up-to-date: /home/kshitizsareen/arduinobot_ws/install/arduinobot_description/share/arduinobot_description/meshes/base_plate.STL
[0.527s] -- Up-to-date: /home/kshitizsareen/arduinobot_ws/install/arduinobot_description/share/arduinobot_description/meshes/link.STL
[0.527s] -- Up-to-date: /home/kshitizsareen/arduinobot_ws/install/arduinobot_description/share/arduinobot_description/meshes/horizontal_arm.STL
[0.527s] -- Up-to-date: /home/kshitizsareen/arduinobot_ws/install/arduinobot_description/share/arduinobot_description/meshes/plate.STL
[0.527s] -- Up-to-date: /home/kshitizsareen/arduinobot_ws/install/arduinobot_description/share/arduinobot_description/meshes/forward_drive_arm.STL
[0.527s] -- Up-to-date: /home/kshitizsareen/arduinobot_ws/install/arduinobot_description/share/arduinobot_description/urdf
[0.527s] -- Installing: /home/kshitizsareen/arduinobot_ws/install/arduinobot_description/share/arduinobot_description/urdf/arduinobot.urdf.xacro
[0.527s] -- Installing: /home/kshitizsareen/arduinobot_ws/install/arduinobot_description/share/arduinobot_description/launch
[0.528s] -- Installing: /home/kshitizsareen/arduinobot_ws/install/arduinobot_description/share/arduinobot_description/launch/display.launch.py
[0.528s] [31mCMake Error at cmake_install.cmake:46 (file):
[0.528s]   file INSTALL cannot find
[0.528s]   "/home/kshitizsareen/arduinobot_ws/src/arduinobot_description/rviz": No
[0.528s]   such file or directory.
[0.528s] 
[0.529s] [0m
[0.533s] Invoked command in '/home/kshitizsareen/arduinobot_ws/build/arduinobot_description' returned '1': CMAKE_PREFIX_PATH=${CMAKE_PREFIX_PATH}:/opt/ros/jazzy DEBUGINFOD_URLS=https://debuginfod.ubuntu.com /usr/bin/cmake --install /home/kshitizsareen/arduinobot_ws/build/arduinobot_description
