[0.013s] Invoking command in '/home/kshitizsareen/arduinobot_ws/build/arduinobot_description': CMAKE_PREFIX_PATH=${CMAKE_PREFIX_PATH}:/opt/ros/jazzy DEBUGINFOD_URLS=https://debuginfod.ubuntu.com /usr/bin/cmake /home/kshitizsareen/arduinobot_ws/src/arduinobot_description -DCMAKE_INSTALL_PREFIX=/home/kshitizsareen/arduinobot_ws/install/arduinobot_description
[0.144s] -- The C compiler identification is GNU 13.3.0
[0.228s] -- The CXX compiler identification is GNU 13.3.0
[0.240s] -- Detecting C compiler ABI info
[0.288s] -- Detecting C compiler ABI info - done
[0.293s] -- Check for working C compiler: /usr/bin/cc - skipped
[0.293s] -- Detecting C compile features
[0.294s] -- Detecting C compile features - done
[0.299s] -- Detecting CXX compiler ABI info
[0.356s] -- Detecting CXX compiler ABI info - done
[0.362s] -- Check for working CXX compiler: /usr/bin/c++ - skipped
[0.362s] -- Detecting CXX compile features
[0.362s] -- Detecting CXX compile features - done
[0.373s] -- Found ament_cmake: 2.5.2 (/opt/ros/jazzy/share/ament_cmake/cmake)
[0.470s] -- Found Python3: /usr/bin/python3 (found version "3.12.3") found components: Interpreter 
[0.554s] -- Found ament_lint_auto: 0.17.1 (/opt/ros/jazzy/share/ament_lint_auto/cmake)
[0.628s] -- Added test 'lint_cmake' to check CMake code style
[0.630s] -- Added test 'xmllint' to check XML markup files
[0.631s] -- Configuring done (0.6s)
[0.632s] -- Generating done (0.0s)
[0.633s] -- Build files have been written to: /home/kshitizsareen/arduinobot_ws/build/arduinobot_description
[0.636s] Invoked command in '/home/kshitizsareen/arduinobot_ws/build/arduinobot_description' returned '0': CMAKE_PREFIX_PATH=${CMAKE_PREFIX_PATH}:/opt/ros/jazzy DEBUGINFOD_URLS=https://debuginfod.ubuntu.com /usr/bin/cmake /home/kshitizsareen/arduinobot_ws/src/arduinobot_description -DCMAKE_INSTALL_PREFIX=/home/kshitizsareen/arduinobot_ws/install/arduinobot_description
[0.637s] Invoking command in '/home/kshitizsareen/arduinobot_ws/build/arduinobot_description': CMAKE_PREFIX_PATH=${CMAKE_PREFIX_PATH}:/opt/ros/jazzy DEBUGINFOD_URLS=https://debuginfod.ubuntu.com /usr/bin/cmake --build /home/kshitizsareen/arduinobot_ws/build/arduinobot_description -- -j1 -l1
[0.654s] Invoked command in '/home/kshitizsareen/arduinobot_ws/build/arduinobot_description' returned '0': CMAKE_PREFIX_PATH=${CMAKE_PREFIX_PATH}:/opt/ros/jazzy DEBUGINFOD_URLS=https://debuginfod.ubuntu.com /usr/bin/cmake --build /home/kshitizsareen/arduinobot_ws/build/arduinobot_description -- -j1 -l1
[0.659s] Invoking command in '/home/kshitizsareen/arduinobot_ws/build/arduinobot_description': CMAKE_PREFIX_PATH=${CMAKE_PREFIX_PATH}:/opt/ros/jazzy DEBUGINFOD_URLS=https://debuginfod.ubuntu.com /usr/bin/cmake --install /home/kshitizsareen/arduinobot_ws/build/arduinobot_description
[0.663s] -- Install configuration: ""
[0.663s] -- Installing: /home/kshitizsareen/arduinobot_ws/install/arduinobot_description/share/ament_index/resource_index/package_run_dependencies/arduinobot_description
[0.663s] -- Installing: /home/kshitizsareen/arduinobot_ws/install/arduinobot_description/share/ament_index/resource_index/parent_prefix_path/arduinobot_description
[0.663s] -- Installing: /home/kshitizsareen/arduinobot_ws/install/arduinobot_description/share/arduinobot_description/environment/ament_prefix_path.sh
[0.663s] -- Installing: /home/kshitizsareen/arduinobot_ws/install/arduinobot_description/share/arduinobot_description/environment/ament_prefix_path.dsv
[0.663s] -- Installing: /home/kshitizsareen/arduinobot_ws/install/arduinobot_description/share/arduinobot_description/environment/path.sh
[0.663s] -- Installing: /home/kshitizsareen/arduinobot_ws/install/arduinobot_description/share/arduinobot_description/environment/path.dsv
[0.663s] -- Installing: /home/kshitizsareen/arduinobot_ws/install/arduinobot_description/share/arduinobot_description/local_setup.bash
[0.664s] -- Installing: /home/kshitizsareen/arduinobot_ws/install/arduinobot_description/share/arduinobot_description/local_setup.sh
[0.664s] -- Installing: /home/kshitizsareen/arduinobot_ws/install/arduinobot_description/share/arduinobot_description/local_setup.zsh
[0.664s] -- Installing: /home/kshitizsareen/arduinobot_ws/install/arduinobot_description/share/arduinobot_description/local_setup.dsv
[0.664s] -- Installing: /home/kshitizsareen/arduinobot_ws/install/arduinobot_description/share/arduinobot_description/package.dsv
[0.664s] -- Installing: /home/kshitizsareen/arduinobot_ws/install/arduinobot_description/share/ament_index/resource_index/packages/arduinobot_description
[0.664s] -- Installing: /home/kshitizsareen/arduinobot_ws/install/arduinobot_description/share/arduinobot_description/cmake/arduinobot_descriptionConfig.cmake
[0.664s] -- Installing: /home/kshitizsareen/arduinobot_ws/install/arduinobot_description/share/arduinobot_description/cmake/arduinobot_descriptionConfig-version.cmake
[0.664s] -- Installing: /home/kshitizsareen/arduinobot_ws/install/arduinobot_description/share/arduinobot_description/package.xml
[0.665s] Invoked command in '/home/kshitizsareen/arduinobot_ws/build/arduinobot_description' returned '0': CMAKE_PREFIX_PATH=${CMAKE_PREFIX_PATH}:/opt/ros/jazzy DEBUGINFOD_URLS=https://debuginfod.ubuntu.com /usr/bin/cmake --install /home/kshitizsareen/arduinobot_ws/build/arduinobot_description
