[0.017s] Invoking command in '/home/kshitizsareen/arduinobot_ws/build/arduinobot_description': CMAKE_PREFIX_PATH=${CMAKE_PREFIX_PATH}:/opt/ros/jazzy DEBUGINFOD_URLS=https://debuginfod.ubuntu.com /usr/bin/cmake --build /home/kshitizsareen/arduinobot_ws/build/arduinobot_description -- -j1 -l1
[0.081s] -- Found ament_cmake: 2.5.2 (/opt/ros/jazzy/share/ament_cmake/cmake)
[0.491s] -- Found ament_lint_auto: 0.17.1 (/opt/ros/jazzy/share/ament_lint_auto/cmake)
[0.662s] -- Added test 'lint_cmake' to check CMake code style
[0.665s] -- Added test 'xmllint' to check XML markup files
[0.670s] -- Configuring done (0.6s)
[0.690s] -- Generating done (0.0s)
[0.696s] -- Build files have been written to: /home/kshitizsareen/arduinobot_ws/build/arduinobot_description
[0.736s] Invoked command in '/home/kshitizsareen/arduinobot_ws/build/arduinobot_description' returned '0': CMAKE_PREFIX_PATH=${CMAKE_PREFIX_PATH}:/opt/ros/jazzy DEBUGINFOD_URLS=https://debuginfod.ubuntu.com /usr/bin/cmake --build /home/kshitizsareen/arduinobot_ws/build/arduinobot_description -- -j1 -l1
[0.756s] Invoking command in '/home/kshitizsareen/arduinobot_ws/build/arduinobot_description': CMAKE_PREFIX_PATH=${CMAKE_PREFIX_PATH}:/opt/ros/jazzy DEBUGINFOD_URLS=https://debuginfod.ubuntu.com /usr/bin/cmake --install /home/kshitizsareen/arduinobot_ws/build/arduinobot_description
[0.769s] -- Install configuration: ""
[0.770s] -- Installing: /home/kshitizsareen/arduinobot_ws/install/arduinobot_description/share/arduinobot_description/meshes
[0.770s] -- Installing: /home/kshitizsareen/arduinobot_ws/install/arduinobot_description/share/arduinobot_description/meshes/vertical_drive_arm.STL
[0.777s] -- Installing: /home/kshitizsareen/arduinobot_ws/install/arduinobot_description/share/arduinobot_description/meshes/servo_plate.STL
[0.780s] -- Installing: /home/kshitizsareen/arduinobot_ws/install/arduinobot_description/share/arduinobot_description/meshes/left_finger.STL
[0.781s] -- Installing: /home/kshitizsareen/arduinobot_ws/install/arduinobot_description/share/arduinobot_description/meshes/triangular_link.STL
[0.787s] -- Installing: /home/kshitizsareen/arduinobot_ws/install/arduinobot_description/share/arduinobot_description/meshes/round_plate.STL
[0.790s] -- Installing: /home/kshitizsareen/arduinobot_ws/install/arduinobot_description/share/arduinobot_description/meshes/right_finger.STL
[0.791s] -- Installing: /home/kshitizsareen/arduinobot_ws/install/arduinobot_description/share/arduinobot_description/meshes/basement.STL
[0.798s] -- Installing: /home/kshitizsareen/arduinobot_ws/install/arduinobot_description/share/arduinobot_description/meshes/claw_support.STL
[0.803s] -- Installing: /home/kshitizsareen/arduinobot_ws/install/arduinobot_description/share/arduinobot_description/meshes/base_plate.STL
[0.828s] -- Installing: /home/kshitizsareen/arduinobot_ws/install/arduinobot_description/share/arduinobot_description/meshes/link.STL
[0.836s] -- Installing: /home/kshitizsareen/arduinobot_ws/install/arduinobot_description/share/arduinobot_description/meshes/horizontal_arm.STL
[0.848s] -- Installing: /home/kshitizsareen/arduinobot_ws/install/arduinobot_description/share/arduinobot_description/meshes/plate.STL
[0.866s] -- Installing: /home/kshitizsareen/arduinobot_ws/install/arduinobot_description/share/arduinobot_description/meshes/forward_drive_arm.STL
[0.880s] -- Installing: /home/kshitizsareen/arduinobot_ws/install/arduinobot_description/share/arduinobot_description/urdf
[0.880s] -- Installing: /home/kshitizsareen/arduinobot_ws/install/arduinobot_description/share/arduinobot_description/urdf/arduinobot.urdf.xacro
[0.880s] -- Up-to-date: /home/kshitizsareen/arduinobot_ws/install/arduinobot_description/share/ament_index/resource_index/package_run_dependencies/arduinobot_description
[0.881s] -- Up-to-date: /home/kshitizsareen/arduinobot_ws/install/arduinobot_description/share/ament_index/resource_index/parent_prefix_path/arduinobot_description
[0.881s] -- Up-to-date: /home/kshitizsareen/arduinobot_ws/install/arduinobot_description/share/arduinobot_description/environment/ament_prefix_path.sh
[0.881s] -- Up-to-date: /home/kshitizsareen/arduinobot_ws/install/arduinobot_description/share/arduinobot_description/environment/ament_prefix_path.dsv
[0.881s] -- Up-to-date: /home/kshitizsareen/arduinobot_ws/install/arduinobot_description/share/arduinobot_description/environment/path.sh
[0.883s] -- Up-to-date: /home/kshitizsareen/arduinobot_ws/install/arduinobot_description/share/arduinobot_description/environment/path.dsv
[0.883s] -- Up-to-date: /home/kshitizsareen/arduinobot_ws/install/arduinobot_description/share/arduinobot_description/local_setup.bash
[0.883s] -- Up-to-date: /home/kshitizsareen/arduinobot_ws/install/arduinobot_description/share/arduinobot_description/local_setup.sh
[0.883s] -- Up-to-date: /home/kshitizsareen/arduinobot_ws/install/arduinobot_description/share/arduinobot_description/local_setup.zsh
[0.883s] -- Up-to-date: /home/kshitizsareen/arduinobot_ws/install/arduinobot_description/share/arduinobot_description/local_setup.dsv
[0.883s] -- Installing: /home/kshitizsareen/arduinobot_ws/install/arduinobot_description/share/arduinobot_description/package.dsv
[0.883s] -- Up-to-date: /home/kshitizsareen/arduinobot_ws/install/arduinobot_description/share/ament_index/resource_index/packages/arduinobot_description
[0.883s] -- Up-to-date: /home/kshitizsareen/arduinobot_ws/install/arduinobot_description/share/arduinobot_description/cmake/arduinobot_descriptionConfig.cmake
[0.883s] -- Up-to-date: /home/kshitizsareen/arduinobot_ws/install/arduinobot_description/share/arduinobot_description/cmake/arduinobot_descriptionConfig-version.cmake
[0.883s] -- Up-to-date: /home/kshitizsareen/arduinobot_ws/install/arduinobot_description/share/arduinobot_description/package.xml
[0.901s] Invoked command in '/home/kshitizsareen/arduinobot_ws/build/arduinobot_description' returned '0': CMAKE_PREFIX_PATH=${CMAKE_PREFIX_PATH}:/opt/ros/jazzy DEBUGINFOD_URLS=https://debuginfod.ubuntu.com /usr/bin/cmake --install /home/kshitizsareen/arduinobot_ws/build/arduinobot_description
